[2022-05-23T20:42:48.248057+02:00] logs.INFO: successfully created [] []
[2022-05-23T20:45:50.031497+02:00] logs.INFO: successfully created [] []
[2022-05-23T20:45:59.346714+02:00] logs.ERROR: save not complete:Category not found [] []
[2022-05-23T20:49:35.717989+02:00] logs.ERROR: update not complete:name:required [] []
[2022-05-23T20:49:48.549567+02:00] logs.ERROR: update not complete:name:required [] []
[2022-05-23T20:49:48.997206+02:00] logs.ERROR: update not complete:name:required [] []
[2022-05-23T20:49:49.464906+02:00] logs.ERROR: update not complete:name:required [] []
[2022-05-23T20:49:49.819790+02:00] logs.ERROR: update not complete:name:required [] []
[2022-05-23T20:49:58.626185+02:00] logs.ERROR: update not complete:name:required [] []
[2022-05-23T20:49:59.350409+02:00] logs.ERROR: update not complete:name:required [] []
[2022-05-23T20:50:00.188407+02:00] logs.ERROR: update not complete:name:required [] []
[2022-05-23T20:50:00.751975+02:00] logs.ERROR: update not complete:name:required [] []
[2022-05-23T20:50:01.373233+02:00] logs.ERROR: update not complete:name:required [] []
[2022-05-23T20:50:02.040226+02:00] logs.ERROR: update not complete:name:required [] []
[2022-05-23T20:50:27.137569+02:00] logs.INFO: successfully updated [] []
[2022-05-23T20:50:28.216359+02:00] logs.INFO: successfully updated [] []
[2022-05-23T21:12:35.606716+02:00] logs.INFO: product find [] []
[2022-05-23T21:12:36.660438+02:00] logs.INFO: product find [] []
[2022-05-23T21:12:37.360422+02:00] logs.INFO: product find [] []
[2022-05-23T23:29:07.050843+02:00] logs.ERROR: product not found [] []
